<?xml version="1.0" encoding="UTF-8"?>
<testng-results skipped="0" failed="0" ignored="0" total="1" passed="1">
  <reporter-output>
  </reporter-output>
  <suite name="Default suite" duration-ms="3053" started-at="2018-12-11T08:30:43Z" finished-at="2018-12-11T08:30:46Z">
    <groups>
    </groups>
    <test name="Default test" duration-ms="3053" started-at="2018-12-11T08:30:43Z" finished-at="2018-12-11T08:30:46Z">
      <class name="org.testing.testcase.TC1">
        <test-method status="PASS" signature="testCase1()[pri:0, instance:org.testing.testcase.TC1@4f933fd1]" name="testCase1" duration-ms="3015" started-at="2018-12-11T14:00:43Z" finished-at="2018-12-11T14:00:46Z">
          <reporter-output>
          </reporter-output>
        </test-method> <!-- testCase1 -->
      </class> <!-- org.testing.testcase.TC1 -->
    </test> <!-- Default test -->
  </suite> <!-- Default suite -->
</testng-results>
